<?xml version="1.0" encoding="UTF-8"?>
<!-- Generated by org.testng.reporters.JUnitReportReporter -->
<testsuite hostname="LAPTOP-NJQO9TL8" failures="0" tests="1" name="Assignment1" time="4.237" errors="0" timestamp="2024-03-27T12:32:44 IST" skipped="0">
  <testcase classname="Assignment1" name="assignmentTest" time="4.237"/>
  <system-out/>
</testsuite> <!-- Assignment1 -->
