<?xml version="1.0" encoding="UTF-8"?>
<!-- Generated by org.testng.reporters.JUnitReportReporter -->
<testsuite hostname="LAPTOP-NJQO9TL8" failures="0" tests="1" name="ReverseSentence" time="0.027" errors="0" timestamp="2024-03-21T16:00:41 IST" skipped="0">
  <testcase classname="ReverseSentence" name="reverse" time="0.027"/>
  <system-out/>
</testsuite> <!-- ReverseSentence -->
