<?xml version="1.0" encoding="UTF-8"?>
<!-- Generated by org.testng.reporters.JUnitReportReporter -->
<testsuite hostname="LAPTOP-NJQO9TL8" failures="0" tests="1" name="Driver" time="10.773" errors="0" timestamp="2024-03-21T12:27:40 IST" skipped="0">
  <testcase classname="Driver" name="drivercheck" time="10.773"/>
  <system-out/>
</testsuite> <!-- Driver -->
